Sun Apr 01 2018 18:24:15 GMT+0530 (India Standard Time): GET /
Sun Apr 01 2018 18:33:43 GMT+0530 (India Standard Time): GET /
Sun Apr 01 2018 18:33:56 GMT+0530 (India Standard Time): GET /about
Sun Apr 01 2018 18:33:59 GMT+0530 (India Standard Time): GET /
Sun Apr 01 2018 18:33:59 GMT+0530 (India Standard Time): GET /about
Sun Apr 01 2018 18:34:42 GMT+0530 (India Standard Time): GET /about
Sun Apr 01 2018 18:34:44 GMT+0530 (India Standard Time): GET /about
Sun Apr 01 2018 18:34:46 GMT+0530 (India Standard Time): GET /
Sun Apr 01 2018 18:35:50 GMT+0530 (India Standard Time): GET /
Sun Apr 01 2018 18:40:55 GMT+0530 (India Standard Time): GET /
Sun Apr 01 2018 18:41:35 GMT+0530 (India Standard Time): GET /
Sun Apr 01 2018 18:41:37 GMT+0530 (India Standard Time): GET /
Sun Apr 01 2018 18:41:40 GMT+0530 (India Standard Time): GET /home
Sun Apr 01 2018 18:42:14 GMT+0530 (India Standard Time): GET /home
Sun Apr 01 2018 18:42:17 GMT+0530 (India Standard Time): GET /home
Sun Apr 01 2018 18:42:19 GMT+0530 (India Standard Time): GET /
Sun Apr 01 2018 18:42:22 GMT+0530 (India Standard Time): GET /about
Sun Apr 01 2018 18:42:23 GMT+0530 (India Standard Time): GET /
Sun Apr 01 2018 22:00:12 GMT+0530 (India Standard Time): GET /
Sun Apr 01 2018 22:00:19 GMT+0530 (India Standard Time): GET /favicon.ico
Sun Apr 01 2018 22:00:21 GMT+0530 (India Standard Time): GET /about
Sun Apr 01 2018 22:52:07 GMT+0530 (India Standard Time): GET /
Sun Apr 01 2018 22:52:26 GMT+0530 (India Standard Time): GET /projects
Sun Apr 01 2018 22:52:53 GMT+0530 (India Standard Time): GET /projects
Sun Apr 01 2018 22:53:06 GMT+0530 (India Standard Time): GET /
Sun Apr 01 2018 22:53:08 GMT+0530 (India Standard Time): GET /projects
Sun Apr 01 2018 22:53:34 GMT+0530 (India Standard Time): GET /
Sun Apr 01 2018 22:53:37 GMT+0530 (India Standard Time): GET /projects
Sun Apr 01 2018 22:54:11 GMT+0530 (India Standard Time): GET /
Sun Apr 01 2018 22:54:13 GMT+0530 (India Standard Time): GET /
Sun Apr 01 2018 22:54:14 GMT+0530 (India Standard Time): GET /about
Sun Apr 01 2018 22:54:16 GMT+0530 (India Standard Time): GET /projects
Sun Apr 01 2018 22:54:50 GMT+0530 (India Standard Time): GET /
Sun Apr 01 2018 22:54:53 GMT+0530 (India Standard Time): GET /projects
Sun Apr 01 2018 22:55:08 GMT+0530 (India Standard Time): GET /
Sun Apr 01 2018 22:55:11 GMT+0530 (India Standard Time): GET /projects
Sun Apr 01 2018 22:55:21 GMT+0530 (India Standard Time): GET /
Sun Apr 01 2018 22:55:23 GMT+0530 (India Standard Time): GET /projects
